  Application.cpp
ModuleGui.obj : error LNK2019: símbolo externo "struct ImGuiContext * __cdecl ImGui::CreateContext(struct ImFontAtlas *)" (?CreateContext@ImGui@@YAPAUImGuiContext@@PAUImFontAtlas@@@Z) sin resolver al que se hace referencia en la función "public: virtual bool __thiscall ModuleGui::Start(void)" (?Start@ModuleGui@@UAE_NXZ)
ModuleGui.obj : error LNK2019: símbolo externo "void __cdecl ImGui::DestroyContext(struct ImGuiContext *)" (?DestroyContext@ImGui@@YAXPAUImGuiContext@@@Z) sin resolver al que se hace referencia en la función "public: virtual bool __thiscall ModuleGui::CleanUp(void)" (?CleanUp@ModuleGui@@UAE_NXZ)
ModuleGui.obj : error LNK2019: símbolo externo "bool __cdecl ImGui::DebugCheckVersionAndDataLayout(char const *,unsigned int,unsigned int,unsigned int,unsigned int,unsigned int,unsigned int)" (?DebugCheckVersionAndDataLayout@ImGui@@YA_NPBDIIIIII@Z) sin resolver al que se hace referencia en la función "public: virtual bool __thiscall ModuleGui::Start(void)" (?Start@ModuleGui@@UAE_NXZ)
ModuleGui.obj : error LNK2019: símbolo externo "struct ImGuiIO & __cdecl ImGui::GetIO(void)" (?GetIO@ImGui@@YAAAUImGuiIO@@XZ) sin resolver al que se hace referencia en la función "public: virtual bool __thiscall ModuleGui::Start(void)" (?Start@ModuleGui@@UAE_NXZ)
ModuleGui.obj : error LNK2019: símbolo externo "void __cdecl ImGui::NewFrame(void)" (?NewFrame@ImGui@@YAXXZ) sin resolver al que se hace referencia en la función "public: virtual enum update_status __thiscall ModuleGui::PreUpdate(float)" (?PreUpdate@ModuleGui@@UAE?AW4update_status@@M@Z)
ModuleGui.obj : error LNK2019: símbolo externo "void __cdecl ImGui::Render(void)" (?Render@ImGui@@YAXXZ) sin resolver al que se hace referencia en la función "public: virtual enum update_status __thiscall ModuleGui::PostUpdate(float)" (?PostUpdate@ModuleGui@@UAE?AW4update_status@@M@Z)
ModuleGui.obj : error LNK2019: símbolo externo "struct ImDrawData * __cdecl ImGui::GetDrawData(void)" (?GetDrawData@ImGui@@YAPAUImDrawData@@XZ) sin resolver al que se hace referencia en la función "public: virtual enum update_status __thiscall ModuleGui::PostUpdate(float)" (?PostUpdate@ModuleGui@@UAE?AW4update_status@@M@Z)
ModuleGui.obj : error LNK2019: símbolo externo "void __cdecl ImGui::ShowDemoWindow(bool *)" (?ShowDemoWindow@ImGui@@YAXPA_N@Z) sin resolver al que se hace referencia en la función "public: virtual enum update_status __thiscall ModuleGui::Update(float)" (?Update@ModuleGui@@UAE?AW4update_status@@M@Z)
ModuleGui.obj : error LNK2019: símbolo externo "void __cdecl ImGui::StyleColorsDark(struct ImGuiStyle *)" (?StyleColorsDark@ImGui@@YAXPAUImGuiStyle@@@Z) sin resolver al que se hace referencia en la función "public: virtual bool __thiscall ModuleGui::Start(void)" (?Start@ModuleGui@@UAE_NXZ)
ModuleGui.obj : error LNK2019: símbolo externo "bool __cdecl ImGui::Begin(char const *,bool *,int)" (?Begin@ImGui@@YA_NPBDPA_NH@Z) sin resolver al que se hace referencia en la función "public: virtual enum update_status __thiscall ModuleGui::Update(float)" (?Update@ModuleGui@@UAE?AW4update_status@@M@Z)
ModuleGui.obj : error LNK2019: símbolo externo "void __cdecl ImGui::End(void)" (?End@ImGui@@YAXXZ) sin resolver al que se hace referencia en la función "public: virtual enum update_status __thiscall ModuleGui::Update(float)" (?Update@ModuleGui@@UAE?AW4update_status@@M@Z)
ModuleGui.obj : error LNK2019: símbolo externo "void __cdecl ImGui::SameLine(float,float)" (?SameLine@ImGui@@YAXMM@Z) sin resolver al que se hace referencia en la función "public: virtual enum update_status __thiscall ModuleGui::Update(float)" (?Update@ModuleGui@@UAE?AW4update_status@@M@Z)
ModuleGui.obj : error LNK2019: símbolo externo "void __cdecl ImGui::Text(char const *,...)" (?Text@ImGui@@YAXPBDZZ) sin resolver al que se hace referencia en la función "public: virtual enum update_status __thiscall ModuleGui::Update(float)" (?Update@ModuleGui@@UAE?AW4update_status@@M@Z)
ModuleGui.obj : error LNK2019: símbolo externo "bool __cdecl ImGui::Button(char const *,struct ImVec2 const &)" (?Button@ImGui@@YA_NPBDABUImVec2@@@Z) sin resolver al que se hace referencia en la función "public: virtual enum update_status __thiscall ModuleGui::Update(float)" (?Update@ModuleGui@@UAE?AW4update_status@@M@Z)
ModuleGui.obj : error LNK2019: símbolo externo "bool __cdecl ImGui::Checkbox(char const *,bool *)" (?Checkbox@ImGui@@YA_NPBDPA_N@Z) sin resolver al que se hace referencia en la función "public: virtual enum update_status __thiscall ModuleGui::Update(float)" (?Update@ModuleGui@@UAE?AW4update_status@@M@Z)
ModuleGui.obj : error LNK2019: símbolo externo "bool __cdecl ImGui::SliderFloat(char const *,float *,float,float,char const *,float)" (?SliderFloat@ImGui@@YA_NPBDPAMMM0M@Z) sin resolver al que se hace referencia en la función "public: virtual enum update_status __thiscall ModuleGui::Update(float)" (?Update@ModuleGui@@UAE?AW4update_status@@M@Z)
ModuleGui.obj : error LNK2019: símbolo externo "bool __cdecl ImGui::ColorEdit3(char const *,float * const,int)" (?ColorEdit3@ImGui@@YA_NPBDQAMH@Z) sin resolver al que se hace referencia en la función "public: virtual enum update_status __thiscall ModuleGui::Update(float)" (?Update@ModuleGui@@UAE?AW4update_status@@M@Z)
ModuleGui.obj : error LNK2019: símbolo externo "bool __cdecl ImGui_ImplSDL2_InitForOpenGL(struct SDL_Window *,void *)" (?ImGui_ImplSDL2_InitForOpenGL@@YA_NPAUSDL_Window@@PAX@Z) sin resolver al que se hace referencia en la función "public: virtual bool __thiscall ModuleGui::Start(void)" (?Start@ModuleGui@@UAE_NXZ)
ModuleGui.obj : error LNK2019: símbolo externo "void __cdecl ImGui_ImplSDL2_Shutdown(void)" (?ImGui_ImplSDL2_Shutdown@@YAXXZ) sin resolver al que se hace referencia en la función "public: virtual bool __thiscall ModuleGui::CleanUp(void)" (?CleanUp@ModuleGui@@UAE_NXZ)
ModuleGui.obj : error LNK2019: símbolo externo "void __cdecl ImGui_ImplSDL2_NewFrame(struct SDL_Window *)" (?ImGui_ImplSDL2_NewFrame@@YAXPAUSDL_Window@@@Z) sin resolver al que se hace referencia en la función "public: virtual enum update_status __thiscall ModuleGui::PreUpdate(float)" (?PreUpdate@ModuleGui@@UAE?AW4update_status@@M@Z)
ModuleGui.obj : error LNK2019: símbolo externo "bool __cdecl ImGui_ImplSDL2_ProcessEvent(union SDL_Event const *)" (?ImGui_ImplSDL2_ProcessEvent@@YA_NPBTSDL_Event@@@Z) sin resolver al que se hace referencia en la función "public: virtual enum update_status __thiscall ModuleGui::PreUpdate(float)" (?PreUpdate@ModuleGui@@UAE?AW4update_status@@M@Z)
ModuleGui.obj : error LNK2019: símbolo externo "bool __cdecl ImGui_ImplOpenGL3_Init(char const *)" (?ImGui_ImplOpenGL3_Init@@YA_NPBD@Z) sin resolver al que se hace referencia en la función "public: virtual bool __thiscall ModuleGui::Start(void)" (?Start@ModuleGui@@UAE_NXZ)
ModuleGui.obj : error LNK2019: símbolo externo "void __cdecl ImGui_ImplOpenGL3_Shutdown(void)" (?ImGui_ImplOpenGL3_Shutdown@@YAXXZ) sin resolver al que se hace referencia en la función "public: virtual bool __thiscall ModuleGui::CleanUp(void)" (?CleanUp@ModuleGui@@UAE_NXZ)
ModuleGui.obj : error LNK2019: símbolo externo "void __cdecl ImGui_ImplOpenGL3_NewFrame(void)" (?ImGui_ImplOpenGL3_NewFrame@@YAXXZ) sin resolver al que se hace referencia en la función "public: virtual enum update_status __thiscall ModuleGui::PreUpdate(float)" (?PreUpdate@ModuleGui@@UAE?AW4update_status@@M@Z)
ModuleGui.obj : error LNK2019: símbolo externo "void __cdecl ImGui_ImplOpenGL3_RenderDrawData(struct ImDrawData *)" (?ImGui_ImplOpenGL3_RenderDrawData@@YAXPAUImDrawData@@@Z) sin resolver al que se hace referencia en la función "public: virtual enum update_status __thiscall ModuleGui::PostUpdate(float)" (?PostUpdate@ModuleGui@@UAE?AW4update_status@@M@Z)
C:\Users\badli\Documents\GitHub\VideogameEngines\Engine\Debug\3D Physics.exe : fatal error LNK1120: 25 externos sin resolver
