  Application.cpp
C:\Users\Lidux\Documents\GitHub\VideogameEngines\Engine\PCG\pcg_variants.h(74,46): warning C4146: operador unario menos aplicado a un tipo unsigned; el resultado aún no tiene signo
C:\Users\Lidux\Documents\GitHub\VideogameEngines\Engine\PCG\pcg_variants.h(84,46): warning C4146: operador unario menos aplicado a un tipo unsigned; el resultado aún no tiene signo
C:\Users\Lidux\Documents\GitHub\VideogameEngines\Engine\PCG\pcg_variants.h(94,46): warning C4146: operador unario menos aplicado a un tipo unsigned; el resultado aún no tiene signo
C:\Users\Lidux\Documents\GitHub\VideogameEngines\Engine\PCG\pcg_variants.h(106,46): warning C4146: operador unario menos aplicado a un tipo unsigned; el resultado aún no tiene signo
C:\Users\Lidux\Documents\GitHub\VideogameEngines\Engine\PCG\pcg_variants.h(160,49): warning C4244: 'argumento': conversión de 'uint64_t' a 'uint32_t'; posible pérdida de datos
C:\Users\Lidux\Documents\GitHub\VideogameEngines\Engine\PCG\pcg_variants.h(892,33): warning C4146: operador unario menos aplicado a un tipo unsigned; el resultado aún no tiene signo
C:\Users\Lidux\Documents\GitHub\VideogameEngines\Engine\PCG\pcg_variants.h(968,33): warning C4146: operador unario menos aplicado a un tipo unsigned; el resultado aún no tiene signo
C:\Users\Lidux\Documents\GitHub\VideogameEngines\Engine\PCG\pcg_variants.h(1049,33): warning C4146: operador unario menos aplicado a un tipo unsigned; el resultado aún no tiene signo
C:\Users\Lidux\Documents\GitHub\VideogameEngines\Engine\PCG\pcg_variants.h(1126,33): warning C4146: operador unario menos aplicado a un tipo unsigned; el resultado aún no tiene signo
C:\Users\Lidux\Documents\GitHub\VideogameEngines\Engine\PCG\pcg_variants.h(1203,33): warning C4146: operador unario menos aplicado a un tipo unsigned; el resultado aún no tiene signo
C:\Users\Lidux\Documents\GitHub\VideogameEngines\Engine\PCG\pcg_variants.h(1279,33): warning C4146: operador unario menos aplicado a un tipo unsigned; el resultado aún no tiene signo
C:\Users\Lidux\Documents\GitHub\VideogameEngines\Engine\PCG\pcg_variants.h(1360,33): warning C4146: operador unario menos aplicado a un tipo unsigned; el resultado aún no tiene signo
C:\Users\Lidux\Documents\GitHub\VideogameEngines\Engine\PCG\pcg_variants.h(1437,33): warning C4146: operador unario menos aplicado a un tipo unsigned; el resultado aún no tiene signo
C:\Users\Lidux\Documents\GitHub\VideogameEngines\Engine\PCG\pcg_variants.h(1518,33): warning C4146: operador unario menos aplicado a un tipo unsigned; el resultado aún no tiene signo
C:\Users\Lidux\Documents\GitHub\VideogameEngines\Engine\PCG\pcg_variants.h(1537,33): warning C4146: operador unario menos aplicado a un tipo unsigned; el resultado aún no tiene signo
C:\Users\Lidux\Documents\GitHub\VideogameEngines\Engine\PCG\pcg_variants.h(1597,33): warning C4146: operador unario menos aplicado a un tipo unsigned; el resultado aún no tiene signo
C:\Users\Lidux\Documents\GitHub\VideogameEngines\Engine\PCG\pcg_variants.h(1616,33): warning C4146: operador unario menos aplicado a un tipo unsigned; el resultado aún no tiene signo
C:\Users\Lidux\Documents\GitHub\VideogameEngines\Engine\PCG\pcg_variants.h(1697,33): warning C4146: operador unario menos aplicado a un tipo unsigned; el resultado aún no tiene signo
C:\Users\Lidux\Documents\GitHub\VideogameEngines\Engine\PCG\pcg_variants.h(1717,33): warning C4146: operador unario menos aplicado a un tipo unsigned; el resultado aún no tiene signo
C:\Users\Lidux\Documents\GitHub\VideogameEngines\Engine\PCG\pcg_variants.h(1760,33): warning C4146: operador unario menos aplicado a un tipo unsigned; el resultado aún no tiene signo
C:\Users\Lidux\Documents\GitHub\VideogameEngines\Engine\PCG\pcg_variants.h(1800,33): warning C4146: operador unario menos aplicado a un tipo unsigned; el resultado aún no tiene signo
C:\Users\Lidux\Documents\GitHub\VideogameEngines\Engine\PCG\pcg_variants.h(1842,33): warning C4146: operador unario menos aplicado a un tipo unsigned; el resultado aún no tiene signo
C:\Users\Lidux\Documents\GitHub\VideogameEngines\Engine\PCG\pcg_variants.h(1883,33): warning C4146: operador unario menos aplicado a un tipo unsigned; el resultado aún no tiene signo
C:\Users\Lidux\Documents\GitHub\VideogameEngines\Engine\PCG\pcg_variants.h(1925,33): warning C4146: operador unario menos aplicado a un tipo unsigned; el resultado aún no tiene signo
C:\Users\Lidux\Documents\GitHub\VideogameEngines\Engine\PCG\pcg_variants.h(1966,33): warning C4146: operador unario menos aplicado a un tipo unsigned; el resultado aún no tiene signo
C:\Users\Lidux\Documents\GitHub\VideogameEngines\Engine\PCG\pcg_variants.h(2008,33): warning C4146: operador unario menos aplicado a un tipo unsigned; el resultado aún no tiene signo
C:\Users\Lidux\Documents\GitHub\VideogameEngines\Engine\Application.cpp(131,31): warning C4473: "sprintf_s": no se pasaron suficientes argumentos para la cadena de formato
C:\Users\Lidux\Documents\GitHub\VideogameEngines\Engine\Application.cpp(131,31): message : los marcadores de posición y sus parámetros esperan 3 argumentos variádicos, pero se proporcionaron 1
  Main.cpp
C:\Users\Lidux\Documents\GitHub\VideogameEngines\Engine\Application.cpp(131,31): message : el argumento variádico 2 que falta es requerido por la cadena de formato '%d'
C:\Users\Lidux\Documents\GitHub\VideogameEngines\Engine\PCG\pcg_variants.h(74,46): warning C4146: operador unario menos aplicado a un tipo unsigned; el resultado aún no tiene signo
C:\Users\Lidux\Documents\GitHub\VideogameEngines\Engine\PCG\pcg_variants.h(84,46): warning C4146: operador unario menos aplicado a un tipo unsigned; el resultado aún no tiene signo
C:\Users\Lidux\Documents\GitHub\VideogameEngines\Engine\PCG\pcg_variants.h(94,46): warning C4146: operador unario menos aplicado a un tipo unsigned; el resultado aún no tiene signo
C:\Users\Lidux\Documents\GitHub\VideogameEngines\Engine\PCG\pcg_variants.h(106,46): warning C4146: operador unario menos aplicado a un tipo unsigned; el resultado aún no tiene signo
C:\Users\Lidux\Documents\GitHub\VideogameEngines\Engine\PCG\pcg_variants.h(160,49): warning C4244: 'argumento': conversión de 'uint64_t' a 'uint32_t'; posible pérdida de datos
C:\Users\Lidux\Documents\GitHub\VideogameEngines\Engine\PCG\pcg_variants.h(892,33): warning C4146: operador unario menos aplicado a un tipo unsigned; el resultado aún no tiene signo
C:\Users\Lidux\Documents\GitHub\VideogameEngines\Engine\PCG\pcg_variants.h(968,33): warning C4146: operador unario menos aplicado a un tipo unsigned; el resultado aún no tiene signo
C:\Users\Lidux\Documents\GitHub\VideogameEngines\Engine\PCG\pcg_variants.h(1049,33): warning C4146: operador unario menos aplicado a un tipo unsigned; el resultado aún no tiene signo
C:\Users\Lidux\Documents\GitHub\VideogameEngines\Engine\PCG\pcg_variants.h(1126,33): warning C4146: operador unario menos aplicado a un tipo unsigned; el resultado aún no tiene signo
C:\Users\Lidux\Documents\GitHub\VideogameEngines\Engine\PCG\pcg_variants.h(1203,33): warning C4146: operador unario menos aplicado a un tipo unsigned; el resultado aún no tiene signo
C:\Users\Lidux\Documents\GitHub\VideogameEngines\Engine\PCG\pcg_variants.h(1279,33): warning C4146: operador unario menos aplicado a un tipo unsigned; el resultado aún no tiene signo
C:\Users\Lidux\Documents\GitHub\VideogameEngines\Engine\PCG\pcg_variants.h(1360,33): warning C4146: operador unario menos aplicado a un tipo unsigned; el resultado aún no tiene signo
C:\Users\Lidux\Documents\GitHub\VideogameEngines\Engine\PCG\pcg_variants.h(1437,33): warning C4146: operador unario menos aplicado a un tipo unsigned; el resultado aún no tiene signo
C:\Users\Lidux\Documents\GitHub\VideogameEngines\Engine\PCG\pcg_variants.h(1518,33): warning C4146: operador unario menos aplicado a un tipo unsigned; el resultado aún no tiene signo
C:\Users\Lidux\Documents\GitHub\VideogameEngines\Engine\PCG\pcg_variants.h(1537,33): warning C4146: operador unario menos aplicado a un tipo unsigned; el resultado aún no tiene signo
C:\Users\Lidux\Documents\GitHub\VideogameEngines\Engine\PCG\pcg_variants.h(1597,33): warning C4146: operador unario menos aplicado a un tipo unsigned; el resultado aún no tiene signo
C:\Users\Lidux\Documents\GitHub\VideogameEngines\Engine\PCG\pcg_variants.h(1616,33): warning C4146: operador unario menos aplicado a un tipo unsigned; el resultado aún no tiene signo
C:\Users\Lidux\Documents\GitHub\VideogameEngines\Engine\PCG\pcg_variants.h(1697,33): warning C4146: operador unario menos aplicado a un tipo unsigned; el resultado aún no tiene signo
C:\Users\Lidux\Documents\GitHub\VideogameEngines\Engine\PCG\pcg_variants.h(1717,33): warning C4146: operador unario menos aplicado a un tipo unsigned; el resultado aún no tiene signo
C:\Users\Lidux\Documents\GitHub\VideogameEngines\Engine\PCG\pcg_variants.h(1760,33): warning C4146: operador unario menos aplicado a un tipo unsigned; el resultado aún no tiene signo
C:\Users\Lidux\Documents\GitHub\VideogameEngines\Engine\PCG\pcg_variants.h(1800,33): warning C4146: operador unario menos aplicado a un tipo unsigned; el resultado aún no tiene signo
C:\Users\Lidux\Documents\GitHub\VideogameEngines\Engine\PCG\pcg_variants.h(1842,33): warning C4146: operador unario menos aplicado a un tipo unsigned; el resultado aún no tiene signo
C:\Users\Lidux\Documents\GitHub\VideogameEngines\Engine\PCG\pcg_variants.h(1883,33): warning C4146: operador unario menos aplicado a un tipo unsigned; el resultado aún no tiene signo
C:\Users\Lidux\Documents\GitHub\VideogameEngines\Engine\PCG\pcg_variants.h(1925,33): warning C4146: operador unario menos aplicado a un tipo unsigned; el resultado aún no tiene signo
C:\Users\Lidux\Documents\GitHub\VideogameEngines\Engine\PCG\pcg_variants.h(1966,33): warning C4146: operador unario menos aplicado a un tipo unsigned; el resultado aún no tiene signo
  ModuleCamera3D.cpp
C:\Users\Lidux\Documents\GitHub\VideogameEngines\Engine\PCG\pcg_variants.h(2008,33): warning C4146: operador unario menos aplicado a un tipo unsigned; el resultado aún no tiene signo
C:\Users\Lidux\Documents\GitHub\VideogameEngines\Engine\PCG\pcg_variants.h(74,46): warning C4146: operador unario menos aplicado a un tipo unsigned; el resultado aún no tiene signo
C:\Users\Lidux\Documents\GitHub\VideogameEngines\Engine\PCG\pcg_variants.h(84,46): warning C4146: operador unario menos aplicado a un tipo unsigned; el resultado aún no tiene signo
C:\Users\Lidux\Documents\GitHub\VideogameEngines\Engine\PCG\pcg_variants.h(94,46): warning C4146: operador unario menos aplicado a un tipo unsigned; el resultado aún no tiene signo
C:\Users\Lidux\Documents\GitHub\VideogameEngines\Engine\PCG\pcg_variants.h(106,46): warning C4146: operador unario menos aplicado a un tipo unsigned; el resultado aún no tiene signo
C:\Users\Lidux\Documents\GitHub\VideogameEngines\Engine\PCG\pcg_variants.h(160,49): warning C4244: 'argumento': conversión de 'uint64_t' a 'uint32_t'; posible pérdida de datos
C:\Users\Lidux\Documents\GitHub\VideogameEngines\Engine\PCG\pcg_variants.h(892,33): warning C4146: operador unario menos aplicado a un tipo unsigned; el resultado aún no tiene signo
C:\Users\Lidux\Documents\GitHub\VideogameEngines\Engine\PCG\pcg_variants.h(968,33): warning C4146: operador unario menos aplicado a un tipo unsigned; el resultado aún no tiene signo
C:\Users\Lidux\Documents\GitHub\VideogameEngines\Engine\PCG\pcg_variants.h(1049,33): warning C4146: operador unario menos aplicado a un tipo unsigned; el resultado aún no tiene signo
C:\Users\Lidux\Documents\GitHub\VideogameEngines\Engine\PCG\pcg_variants.h(1126,33): warning C4146: operador unario menos aplicado a un tipo unsigned; el resultado aún no tiene signo
C:\Users\Lidux\Documents\GitHub\VideogameEngines\Engine\PCG\pcg_variants.h(1203,33): warning C4146: operador unario menos aplicado a un tipo unsigned; el resultado aún no tiene signo
C:\Users\Lidux\Documents\GitHub\VideogameEngines\Engine\PCG\pcg_variants.h(1279,33): warning C4146: operador unario menos aplicado a un tipo unsigned; el resultado aún no tiene signo
C:\Users\Lidux\Documents\GitHub\VideogameEngines\Engine\PCG\pcg_variants.h(1360,33): warning C4146: operador unario menos aplicado a un tipo unsigned; el resultado aún no tiene signo
C:\Users\Lidux\Documents\GitHub\VideogameEngines\Engine\PCG\pcg_variants.h(1437,33): warning C4146: operador unario menos aplicado a un tipo unsigned; el resultado aún no tiene signo
C:\Users\Lidux\Documents\GitHub\VideogameEngines\Engine\PCG\pcg_variants.h(1518,33): warning C4146: operador unario menos aplicado a un tipo unsigned; el resultado aún no tiene signo
C:\Users\Lidux\Documents\GitHub\VideogameEngines\Engine\PCG\pcg_variants.h(1537,33): warning C4146: operador unario menos aplicado a un tipo unsigned; el resultado aún no tiene signo
C:\Users\Lidux\Documents\GitHub\VideogameEngines\Engine\PCG\pcg_variants.h(1597,33): warning C4146: operador unario menos aplicado a un tipo unsigned; el resultado aún no tiene signo
C:\Users\Lidux\Documents\GitHub\VideogameEngines\Engine\PCG\pcg_variants.h(1616,33): warning C4146: operador unario menos aplicado a un tipo unsigned; el resultado aún no tiene signo
C:\Users\Lidux\Documents\GitHub\VideogameEngines\Engine\PCG\pcg_variants.h(1697,33): warning C4146: operador unario menos aplicado a un tipo unsigned; el resultado aún no tiene signo
C:\Users\Lidux\Documents\GitHub\VideogameEngines\Engine\PCG\pcg_variants.h(1717,33): warning C4146: operador unario menos aplicado a un tipo unsigned; el resultado aún no tiene signo
C:\Users\Lidux\Documents\GitHub\VideogameEngines\Engine\PCG\pcg_variants.h(1760,33): warning C4146: operador unario menos aplicado a un tipo unsigned; el resultado aún no tiene signo
C:\Users\Lidux\Documents\GitHub\VideogameEngines\Engine\PCG\pcg_variants.h(1800,33): warning C4146: operador unario menos aplicado a un tipo unsigned; el resultado aún no tiene signo
C:\Users\Lidux\Documents\GitHub\VideogameEngines\Engine\PCG\pcg_variants.h(1842,33): warning C4146: operador unario menos aplicado a un tipo unsigned; el resultado aún no tiene signo
C:\Users\Lidux\Documents\GitHub\VideogameEngines\Engine\PCG\pcg_variants.h(1883,33): warning C4146: operador unario menos aplicado a un tipo unsigned; el resultado aún no tiene signo
C:\Users\Lidux\Documents\GitHub\VideogameEngines\Engine\PCG\pcg_variants.h(1925,33): warning C4146: operador unario menos aplicado a un tipo unsigned; el resultado aún no tiene signo
C:\Users\Lidux\Documents\GitHub\VideogameEngines\Engine\PCG\pcg_variants.h(1966,33): warning C4146: operador unario menos aplicado a un tipo unsigned; el resultado aún no tiene signo
  ModuleGeometry.cpp
C:\Users\Lidux\Documents\GitHub\VideogameEngines\Engine\PCG\pcg_variants.h(2008,33): warning C4146: operador unario menos aplicado a un tipo unsigned; el resultado aún no tiene signo
C:\Users\Lidux\Documents\GitHub\VideogameEngines\Engine\PCG\pcg_variants.h(74,46): warning C4146: operador unario menos aplicado a un tipo unsigned; el resultado aún no tiene signo
C:\Users\Lidux\Documents\GitHub\VideogameEngines\Engine\PCG\pcg_variants.h(84,46): warning C4146: operador unario menos aplicado a un tipo unsigned; el resultado aún no tiene signo
C:\Users\Lidux\Documents\GitHub\VideogameEngines\Engine\PCG\pcg_variants.h(94,46): warning C4146: operador unario menos aplicado a un tipo unsigned; el resultado aún no tiene signo
C:\Users\Lidux\Documents\GitHub\VideogameEngines\Engine\PCG\pcg_variants.h(106,46): warning C4146: operador unario menos aplicado a un tipo unsigned; el resultado aún no tiene signo
C:\Users\Lidux\Documents\GitHub\VideogameEngines\Engine\PCG\pcg_variants.h(160,49): warning C4244: 'argumento': conversión de 'uint64_t' a 'uint32_t'; posible pérdida de datos
C:\Users\Lidux\Documents\GitHub\VideogameEngines\Engine\PCG\pcg_variants.h(892,33): warning C4146: operador unario menos aplicado a un tipo unsigned; el resultado aún no tiene signo
C:\Users\Lidux\Documents\GitHub\VideogameEngines\Engine\PCG\pcg_variants.h(968,33): warning C4146: operador unario menos aplicado a un tipo unsigned; el resultado aún no tiene signo
C:\Users\Lidux\Documents\GitHub\VideogameEngines\Engine\PCG\pcg_variants.h(1049,33): warning C4146: operador unario menos aplicado a un tipo unsigned; el resultado aún no tiene signo
C:\Users\Lidux\Documents\GitHub\VideogameEngines\Engine\PCG\pcg_variants.h(1126,33): warning C4146: operador unario menos aplicado a un tipo unsigned; el resultado aún no tiene signo
C:\Users\Lidux\Documents\GitHub\VideogameEngines\Engine\PCG\pcg_variants.h(1203,33): warning C4146: operador unario menos aplicado a un tipo unsigned; el resultado aún no tiene signo
C:\Users\Lidux\Documents\GitHub\VideogameEngines\Engine\PCG\pcg_variants.h(1279,33): warning C4146: operador unario menos aplicado a un tipo unsigned; el resultado aún no tiene signo
C:\Users\Lidux\Documents\GitHub\VideogameEngines\Engine\PCG\pcg_variants.h(1360,33): warning C4146: operador unario menos aplicado a un tipo unsigned; el resultado aún no tiene signo
C:\Users\Lidux\Documents\GitHub\VideogameEngines\Engine\PCG\pcg_variants.h(1437,33): warning C4146: operador unario menos aplicado a un tipo unsigned; el resultado aún no tiene signo
C:\Users\Lidux\Documents\GitHub\VideogameEngines\Engine\PCG\pcg_variants.h(1518,33): warning C4146: operador unario menos aplicado a un tipo unsigned; el resultado aún no tiene signo
C:\Users\Lidux\Documents\GitHub\VideogameEngines\Engine\PCG\pcg_variants.h(1537,33): warning C4146: operador unario menos aplicado a un tipo unsigned; el resultado aún no tiene signo
C:\Users\Lidux\Documents\GitHub\VideogameEngines\Engine\PCG\pcg_variants.h(1597,33): warning C4146: operador unario menos aplicado a un tipo unsigned; el resultado aún no tiene signo
C:\Users\Lidux\Documents\GitHub\VideogameEngines\Engine\PCG\pcg_variants.h(1616,33): warning C4146: operador unario menos aplicado a un tipo unsigned; el resultado aún no tiene signo
C:\Users\Lidux\Documents\GitHub\VideogameEngines\Engine\PCG\pcg_variants.h(1697,33): warning C4146: operador unario menos aplicado a un tipo unsigned; el resultado aún no tiene signo
C:\Users\Lidux\Documents\GitHub\VideogameEngines\Engine\PCG\pcg_variants.h(1717,33): warning C4146: operador unario menos aplicado a un tipo unsigned; el resultado aún no tiene signo
C:\Users\Lidux\Documents\GitHub\VideogameEngines\Engine\PCG\pcg_variants.h(1760,33): warning C4146: operador unario menos aplicado a un tipo unsigned; el resultado aún no tiene signo
C:\Users\Lidux\Documents\GitHub\VideogameEngines\Engine\PCG\pcg_variants.h(1800,33): warning C4146: operador unario menos aplicado a un tipo unsigned; el resultado aún no tiene signo
C:\Users\Lidux\Documents\GitHub\VideogameEngines\Engine\PCG\pcg_variants.h(1842,33): warning C4146: operador unario menos aplicado a un tipo unsigned; el resultado aún no tiene signo
C:\Users\Lidux\Documents\GitHub\VideogameEngines\Engine\PCG\pcg_variants.h(1883,33): warning C4146: operador unario menos aplicado a un tipo unsigned; el resultado aún no tiene signo
C:\Users\Lidux\Documents\GitHub\VideogameEngines\Engine\PCG\pcg_variants.h(1925,33): warning C4146: operador unario menos aplicado a un tipo unsigned; el resultado aún no tiene signo
C:\Users\Lidux\Documents\GitHub\VideogameEngines\Engine\PCG\pcg_variants.h(1966,33): warning C4146: operador unario menos aplicado a un tipo unsigned; el resultado aún no tiene signo
C:\Users\Lidux\Documents\GitHub\VideogameEngines\Engine\PCG\pcg_variants.h(2008,33): warning C4146: operador unario menos aplicado a un tipo unsigned; el resultado aún no tiene signo
C:\Users\Lidux\Documents\GitHub\VideogameEngines\Engine\ModuleGeometry.cpp(43,20): warning C4018: '<': no coinciden signed/unsigned
  ModuleGui.cpp
C:\Users\Lidux\Documents\GitHub\VideogameEngines\Engine\ModuleGeometry.cpp(74,21): warning C4018: '<': no coinciden signed/unsigned
C:\Users\Lidux\Documents\GitHub\VideogameEngines\Engine\PCG\pcg_variants.h(74,46): warning C4146: operador unario menos aplicado a un tipo unsigned; el resultado aún no tiene signo
C:\Users\Lidux\Documents\GitHub\VideogameEngines\Engine\PCG\pcg_variants.h(84,46): warning C4146: operador unario menos aplicado a un tipo unsigned; el resultado aún no tiene signo
C:\Users\Lidux\Documents\GitHub\VideogameEngines\Engine\PCG\pcg_variants.h(94,46): warning C4146: operador unario menos aplicado a un tipo unsigned; el resultado aún no tiene signo
C:\Users\Lidux\Documents\GitHub\VideogameEngines\Engine\PCG\pcg_variants.h(106,46): warning C4146: operador unario menos aplicado a un tipo unsigned; el resultado aún no tiene signo
C:\Users\Lidux\Documents\GitHub\VideogameEngines\Engine\PCG\pcg_variants.h(160,49): warning C4244: 'argumento': conversión de 'uint64_t' a 'uint32_t'; posible pérdida de datos
C:\Users\Lidux\Documents\GitHub\VideogameEngines\Engine\PCG\pcg_variants.h(892,33): warning C4146: operador unario menos aplicado a un tipo unsigned; el resultado aún no tiene signo
C:\Users\Lidux\Documents\GitHub\VideogameEngines\Engine\PCG\pcg_variants.h(968,33): warning C4146: operador unario menos aplicado a un tipo unsigned; el resultado aún no tiene signo
C:\Users\Lidux\Documents\GitHub\VideogameEngines\Engine\PCG\pcg_variants.h(1049,33): warning C4146: operador unario menos aplicado a un tipo unsigned; el resultado aún no tiene signo
C:\Users\Lidux\Documents\GitHub\VideogameEngines\Engine\PCG\pcg_variants.h(1126,33): warning C4146: operador unario menos aplicado a un tipo unsigned; el resultado aún no tiene signo
C:\Users\Lidux\Documents\GitHub\VideogameEngines\Engine\PCG\pcg_variants.h(1203,33): warning C4146: operador unario menos aplicado a un tipo unsigned; el resultado aún no tiene signo
C:\Users\Lidux\Documents\GitHub\VideogameEngines\Engine\PCG\pcg_variants.h(1279,33): warning C4146: operador unario menos aplicado a un tipo unsigned; el resultado aún no tiene signo
C:\Users\Lidux\Documents\GitHub\VideogameEngines\Engine\PCG\pcg_variants.h(1360,33): warning C4146: operador unario menos aplicado a un tipo unsigned; el resultado aún no tiene signo
C:\Users\Lidux\Documents\GitHub\VideogameEngines\Engine\PCG\pcg_variants.h(1437,33): warning C4146: operador unario menos aplicado a un tipo unsigned; el resultado aún no tiene signo
C:\Users\Lidux\Documents\GitHub\VideogameEngines\Engine\PCG\pcg_variants.h(1518,33): warning C4146: operador unario menos aplicado a un tipo unsigned; el resultado aún no tiene signo
C:\Users\Lidux\Documents\GitHub\VideogameEngines\Engine\PCG\pcg_variants.h(1537,33): warning C4146: operador unario menos aplicado a un tipo unsigned; el resultado aún no tiene signo
C:\Users\Lidux\Documents\GitHub\VideogameEngines\Engine\PCG\pcg_variants.h(1597,33): warning C4146: operador unario menos aplicado a un tipo unsigned; el resultado aún no tiene signo
C:\Users\Lidux\Documents\GitHub\VideogameEngines\Engine\PCG\pcg_variants.h(1616,33): warning C4146: operador unario menos aplicado a un tipo unsigned; el resultado aún no tiene signo
C:\Users\Lidux\Documents\GitHub\VideogameEngines\Engine\PCG\pcg_variants.h(1697,33): warning C4146: operador unario menos aplicado a un tipo unsigned; el resultado aún no tiene signo
C:\Users\Lidux\Documents\GitHub\VideogameEngines\Engine\PCG\pcg_variants.h(1717,33): warning C4146: operador unario menos aplicado a un tipo unsigned; el resultado aún no tiene signo
C:\Users\Lidux\Documents\GitHub\VideogameEngines\Engine\PCG\pcg_variants.h(1760,33): warning C4146: operador unario menos aplicado a un tipo unsigned; el resultado aún no tiene signo
C:\Users\Lidux\Documents\GitHub\VideogameEngines\Engine\PCG\pcg_variants.h(1800,33): warning C4146: operador unario menos aplicado a un tipo unsigned; el resultado aún no tiene signo
C:\Users\Lidux\Documents\GitHub\VideogameEngines\Engine\PCG\pcg_variants.h(1842,33): warning C4146: operador unario menos aplicado a un tipo unsigned; el resultado aún no tiene signo
C:\Users\Lidux\Documents\GitHub\VideogameEngines\Engine\PCG\pcg_variants.h(1883,33): warning C4146: operador unario menos aplicado a un tipo unsigned; el resultado aún no tiene signo
C:\Users\Lidux\Documents\GitHub\VideogameEngines\Engine\PCG\pcg_variants.h(1925,33): warning C4146: operador unario menos aplicado a un tipo unsigned; el resultado aún no tiene signo
C:\Users\Lidux\Documents\GitHub\VideogameEngines\Engine\PCG\pcg_variants.h(1966,33): warning C4146: operador unario menos aplicado a un tipo unsigned; el resultado aún no tiene signo
C:\Users\Lidux\Documents\GitHub\VideogameEngines\Engine\PCG\pcg_variants.h(2008,33): warning C4146: operador unario menos aplicado a un tipo unsigned; el resultado aún no tiene signo
C:\Users\Lidux\Documents\GitHub\VideogameEngines\Engine\ModuleGui.cpp(119,22): warning C4018: '<': no coinciden signed/unsigned
C:\Users\Lidux\Documents\GitHub\VideogameEngines\Engine\ModuleGui.cpp(228,65): warning C4390: ';': se encontró una instrucción controlada vacía; ¿es esa la intención?
  ModuleInput.cpp
C:\Users\Lidux\Documents\GitHub\VideogameEngines\Engine\ModuleGui.cpp(231,67): warning C4390: ';': se encontró una instrucción controlada vacía; ¿es esa la intención?
C:\Users\Lidux\Documents\GitHub\VideogameEngines\Engine\PCG\pcg_variants.h(74,46): warning C4146: operador unario menos aplicado a un tipo unsigned; el resultado aún no tiene signo
C:\Users\Lidux\Documents\GitHub\VideogameEngines\Engine\PCG\pcg_variants.h(84,46): warning C4146: operador unario menos aplicado a un tipo unsigned; el resultado aún no tiene signo
C:\Users\Lidux\Documents\GitHub\VideogameEngines\Engine\PCG\pcg_variants.h(94,46): warning C4146: operador unario menos aplicado a un tipo unsigned; el resultado aún no tiene signo
C:\Users\Lidux\Documents\GitHub\VideogameEngines\Engine\PCG\pcg_variants.h(106,46): warning C4146: operador unario menos aplicado a un tipo unsigned; el resultado aún no tiene signo
C:\Users\Lidux\Documents\GitHub\VideogameEngines\Engine\PCG\pcg_variants.h(160,49): warning C4244: 'argumento': conversión de 'uint64_t' a 'uint32_t'; posible pérdida de datos
C:\Users\Lidux\Documents\GitHub\VideogameEngines\Engine\PCG\pcg_variants.h(892,33): warning C4146: operador unario menos aplicado a un tipo unsigned; el resultado aún no tiene signo
C:\Users\Lidux\Documents\GitHub\VideogameEngines\Engine\PCG\pcg_variants.h(968,33): warning C4146: operador unario menos aplicado a un tipo unsigned; el resultado aún no tiene signo
C:\Users\Lidux\Documents\GitHub\VideogameEngines\Engine\PCG\pcg_variants.h(1049,33): warning C4146: operador unario menos aplicado a un tipo unsigned; el resultado aún no tiene signo
C:\Users\Lidux\Documents\GitHub\VideogameEngines\Engine\PCG\pcg_variants.h(1126,33): warning C4146: operador unario menos aplicado a un tipo unsigned; el resultado aún no tiene signo
C:\Users\Lidux\Documents\GitHub\VideogameEngines\Engine\PCG\pcg_variants.h(1203,33): warning C4146: operador unario menos aplicado a un tipo unsigned; el resultado aún no tiene signo
C:\Users\Lidux\Documents\GitHub\VideogameEngines\Engine\PCG\pcg_variants.h(1279,33): warning C4146: operador unario menos aplicado a un tipo unsigned; el resultado aún no tiene signo
C:\Users\Lidux\Documents\GitHub\VideogameEngines\Engine\PCG\pcg_variants.h(1360,33): warning C4146: operador unario menos aplicado a un tipo unsigned; el resultado aún no tiene signo
C:\Users\Lidux\Documents\GitHub\VideogameEngines\Engine\PCG\pcg_variants.h(1437,33): warning C4146: operador unario menos aplicado a un tipo unsigned; el resultado aún no tiene signo
C:\Users\Lidux\Documents\GitHub\VideogameEngines\Engine\PCG\pcg_variants.h(1518,33): warning C4146: operador unario menos aplicado a un tipo unsigned; el resultado aún no tiene signo
C:\Users\Lidux\Documents\GitHub\VideogameEngines\Engine\PCG\pcg_variants.h(1537,33): warning C4146: operador unario menos aplicado a un tipo unsigned; el resultado aún no tiene signo
C:\Users\Lidux\Documents\GitHub\VideogameEngines\Engine\PCG\pcg_variants.h(1597,33): warning C4146: operador unario menos aplicado a un tipo unsigned; el resultado aún no tiene signo
C:\Users\Lidux\Documents\GitHub\VideogameEngines\Engine\PCG\pcg_variants.h(1616,33): warning C4146: operador unario menos aplicado a un tipo unsigned; el resultado aún no tiene signo
C:\Users\Lidux\Documents\GitHub\VideogameEngines\Engine\PCG\pcg_variants.h(1697,33): warning C4146: operador unario menos aplicado a un tipo unsigned; el resultado aún no tiene signo
C:\Users\Lidux\Documents\GitHub\VideogameEngines\Engine\PCG\pcg_variants.h(1717,33): warning C4146: operador unario menos aplicado a un tipo unsigned; el resultado aún no tiene signo
C:\Users\Lidux\Documents\GitHub\VideogameEngines\Engine\PCG\pcg_variants.h(1760,33): warning C4146: operador unario menos aplicado a un tipo unsigned; el resultado aún no tiene signo
C:\Users\Lidux\Documents\GitHub\VideogameEngines\Engine\PCG\pcg_variants.h(1800,33): warning C4146: operador unario menos aplicado a un tipo unsigned; el resultado aún no tiene signo
C:\Users\Lidux\Documents\GitHub\VideogameEngines\Engine\PCG\pcg_variants.h(1842,33): warning C4146: operador unario menos aplicado a un tipo unsigned; el resultado aún no tiene signo
C:\Users\Lidux\Documents\GitHub\VideogameEngines\Engine\PCG\pcg_variants.h(1883,33): warning C4146: operador unario menos aplicado a un tipo unsigned; el resultado aún no tiene signo
C:\Users\Lidux\Documents\GitHub\VideogameEngines\Engine\PCG\pcg_variants.h(1925,33): warning C4146: operador unario menos aplicado a un tipo unsigned; el resultado aún no tiene signo
C:\Users\Lidux\Documents\GitHub\VideogameEngines\Engine\PCG\pcg_variants.h(1966,33): warning C4146: operador unario menos aplicado a un tipo unsigned; el resultado aún no tiene signo
  ModuleRenderer3D.cpp
C:\Users\Lidux\Documents\GitHub\VideogameEngines\Engine\PCG\pcg_variants.h(2008,33): warning C4146: operador unario menos aplicado a un tipo unsigned; el resultado aún no tiene signo
C:\Users\Lidux\Documents\GitHub\VideogameEngines\Engine\PCG\pcg_variants.h(74,46): warning C4146: operador unario menos aplicado a un tipo unsigned; el resultado aún no tiene signo
C:\Users\Lidux\Documents\GitHub\VideogameEngines\Engine\PCG\pcg_variants.h(84,46): warning C4146: operador unario menos aplicado a un tipo unsigned; el resultado aún no tiene signo
C:\Users\Lidux\Documents\GitHub\VideogameEngines\Engine\PCG\pcg_variants.h(94,46): warning C4146: operador unario menos aplicado a un tipo unsigned; el resultado aún no tiene signo
C:\Users\Lidux\Documents\GitHub\VideogameEngines\Engine\PCG\pcg_variants.h(106,46): warning C4146: operador unario menos aplicado a un tipo unsigned; el resultado aún no tiene signo
C:\Users\Lidux\Documents\GitHub\VideogameEngines\Engine\PCG\pcg_variants.h(160,49): warning C4244: 'argumento': conversión de 'uint64_t' a 'uint32_t'; posible pérdida de datos
C:\Users\Lidux\Documents\GitHub\VideogameEngines\Engine\PCG\pcg_variants.h(892,33): warning C4146: operador unario menos aplicado a un tipo unsigned; el resultado aún no tiene signo
C:\Users\Lidux\Documents\GitHub\VideogameEngines\Engine\PCG\pcg_variants.h(968,33): warning C4146: operador unario menos aplicado a un tipo unsigned; el resultado aún no tiene signo
C:\Users\Lidux\Documents\GitHub\VideogameEngines\Engine\PCG\pcg_variants.h(1049,33): warning C4146: operador unario menos aplicado a un tipo unsigned; el resultado aún no tiene signo
C:\Users\Lidux\Documents\GitHub\VideogameEngines\Engine\PCG\pcg_variants.h(1126,33): warning C4146: operador unario menos aplicado a un tipo unsigned; el resultado aún no tiene signo
C:\Users\Lidux\Documents\GitHub\VideogameEngines\Engine\PCG\pcg_variants.h(1203,33): warning C4146: operador unario menos aplicado a un tipo unsigned; el resultado aún no tiene signo
C:\Users\Lidux\Documents\GitHub\VideogameEngines\Engine\PCG\pcg_variants.h(1279,33): warning C4146: operador unario menos aplicado a un tipo unsigned; el resultado aún no tiene signo
C:\Users\Lidux\Documents\GitHub\VideogameEngines\Engine\PCG\pcg_variants.h(1360,33): warning C4146: operador unario menos aplicado a un tipo unsigned; el resultado aún no tiene signo
C:\Users\Lidux\Documents\GitHub\VideogameEngines\Engine\PCG\pcg_variants.h(1437,33): warning C4146: operador unario menos aplicado a un tipo unsigned; el resultado aún no tiene signo
C:\Users\Lidux\Documents\GitHub\VideogameEngines\Engine\PCG\pcg_variants.h(1518,33): warning C4146: operador unario menos aplicado a un tipo unsigned; el resultado aún no tiene signo
C:\Users\Lidux\Documents\GitHub\VideogameEngines\Engine\PCG\pcg_variants.h(1537,33): warning C4146: operador unario menos aplicado a un tipo unsigned; el resultado aún no tiene signo
C:\Users\Lidux\Documents\GitHub\VideogameEngines\Engine\PCG\pcg_variants.h(1597,33): warning C4146: operador unario menos aplicado a un tipo unsigned; el resultado aún no tiene signo
C:\Users\Lidux\Documents\GitHub\VideogameEngines\Engine\PCG\pcg_variants.h(1616,33): warning C4146: operador unario menos aplicado a un tipo unsigned; el resultado aún no tiene signo
C:\Users\Lidux\Documents\GitHub\VideogameEngines\Engine\PCG\pcg_variants.h(1697,33): warning C4146: operador unario menos aplicado a un tipo unsigned; el resultado aún no tiene signo
C:\Users\Lidux\Documents\GitHub\VideogameEngines\Engine\PCG\pcg_variants.h(1717,33): warning C4146: operador unario menos aplicado a un tipo unsigned; el resultado aún no tiene signo
C:\Users\Lidux\Documents\GitHub\VideogameEngines\Engine\PCG\pcg_variants.h(1760,33): warning C4146: operador unario menos aplicado a un tipo unsigned; el resultado aún no tiene signo
C:\Users\Lidux\Documents\GitHub\VideogameEngines\Engine\PCG\pcg_variants.h(1800,33): warning C4146: operador unario menos aplicado a un tipo unsigned; el resultado aún no tiene signo
C:\Users\Lidux\Documents\GitHub\VideogameEngines\Engine\PCG\pcg_variants.h(1842,33): warning C4146: operador unario menos aplicado a un tipo unsigned; el resultado aún no tiene signo
C:\Users\Lidux\Documents\GitHub\VideogameEngines\Engine\PCG\pcg_variants.h(1883,33): warning C4146: operador unario menos aplicado a un tipo unsigned; el resultado aún no tiene signo
C:\Users\Lidux\Documents\GitHub\VideogameEngines\Engine\PCG\pcg_variants.h(1925,33): warning C4146: operador unario menos aplicado a un tipo unsigned; el resultado aún no tiene signo
C:\Users\Lidux\Documents\GitHub\VideogameEngines\Engine\PCG\pcg_variants.h(1966,33): warning C4146: operador unario menos aplicado a un tipo unsigned; el resultado aún no tiene signo
  ModuleSceneIntro.cpp
C:\Users\Lidux\Documents\GitHub\VideogameEngines\Engine\PCG\pcg_variants.h(2008,33): warning C4146: operador unario menos aplicado a un tipo unsigned; el resultado aún no tiene signo
C:\Users\Lidux\Documents\GitHub\VideogameEngines\Engine\PCG\pcg_variants.h(74,46): warning C4146: operador unario menos aplicado a un tipo unsigned; el resultado aún no tiene signo
C:\Users\Lidux\Documents\GitHub\VideogameEngines\Engine\PCG\pcg_variants.h(84,46): warning C4146: operador unario menos aplicado a un tipo unsigned; el resultado aún no tiene signo
C:\Users\Lidux\Documents\GitHub\VideogameEngines\Engine\PCG\pcg_variants.h(94,46): warning C4146: operador unario menos aplicado a un tipo unsigned; el resultado aún no tiene signo
C:\Users\Lidux\Documents\GitHub\VideogameEngines\Engine\PCG\pcg_variants.h(106,46): warning C4146: operador unario menos aplicado a un tipo unsigned; el resultado aún no tiene signo
C:\Users\Lidux\Documents\GitHub\VideogameEngines\Engine\PCG\pcg_variants.h(160,49): warning C4244: 'argumento': conversión de 'uint64_t' a 'uint32_t'; posible pérdida de datos
C:\Users\Lidux\Documents\GitHub\VideogameEngines\Engine\PCG\pcg_variants.h(892,33): warning C4146: operador unario menos aplicado a un tipo unsigned; el resultado aún no tiene signo
C:\Users\Lidux\Documents\GitHub\VideogameEngines\Engine\PCG\pcg_variants.h(968,33): warning C4146: operador unario menos aplicado a un tipo unsigned; el resultado aún no tiene signo
C:\Users\Lidux\Documents\GitHub\VideogameEngines\Engine\PCG\pcg_variants.h(1049,33): warning C4146: operador unario menos aplicado a un tipo unsigned; el resultado aún no tiene signo
C:\Users\Lidux\Documents\GitHub\VideogameEngines\Engine\PCG\pcg_variants.h(1126,33): warning C4146: operador unario menos aplicado a un tipo unsigned; el resultado aún no tiene signo
C:\Users\Lidux\Documents\GitHub\VideogameEngines\Engine\PCG\pcg_variants.h(1203,33): warning C4146: operador unario menos aplicado a un tipo unsigned; el resultado aún no tiene signo
C:\Users\Lidux\Documents\GitHub\VideogameEngines\Engine\PCG\pcg_variants.h(1279,33): warning C4146: operador unario menos aplicado a un tipo unsigned; el resultado aún no tiene signo
C:\Users\Lidux\Documents\GitHub\VideogameEngines\Engine\PCG\pcg_variants.h(1360,33): warning C4146: operador unario menos aplicado a un tipo unsigned; el resultado aún no tiene signo
C:\Users\Lidux\Documents\GitHub\VideogameEngines\Engine\PCG\pcg_variants.h(1437,33): warning C4146: operador unario menos aplicado a un tipo unsigned; el resultado aún no tiene signo
C:\Users\Lidux\Documents\GitHub\VideogameEngines\Engine\PCG\pcg_variants.h(1518,33): warning C4146: operador unario menos aplicado a un tipo unsigned; el resultado aún no tiene signo
C:\Users\Lidux\Documents\GitHub\VideogameEngines\Engine\PCG\pcg_variants.h(1537,33): warning C4146: operador unario menos aplicado a un tipo unsigned; el resultado aún no tiene signo
C:\Users\Lidux\Documents\GitHub\VideogameEngines\Engine\PCG\pcg_variants.h(1597,33): warning C4146: operador unario menos aplicado a un tipo unsigned; el resultado aún no tiene signo
C:\Users\Lidux\Documents\GitHub\VideogameEngines\Engine\PCG\pcg_variants.h(1616,33): warning C4146: operador unario menos aplicado a un tipo unsigned; el resultado aún no tiene signo
C:\Users\Lidux\Documents\GitHub\VideogameEngines\Engine\PCG\pcg_variants.h(1697,33): warning C4146: operador unario menos aplicado a un tipo unsigned; el resultado aún no tiene signo
C:\Users\Lidux\Documents\GitHub\VideogameEngines\Engine\PCG\pcg_variants.h(1717,33): warning C4146: operador unario menos aplicado a un tipo unsigned; el resultado aún no tiene signo
C:\Users\Lidux\Documents\GitHub\VideogameEngines\Engine\PCG\pcg_variants.h(1760,33): warning C4146: operador unario menos aplicado a un tipo unsigned; el resultado aún no tiene signo
C:\Users\Lidux\Documents\GitHub\VideogameEngines\Engine\PCG\pcg_variants.h(1800,33): warning C4146: operador unario menos aplicado a un tipo unsigned; el resultado aún no tiene signo
C:\Users\Lidux\Documents\GitHub\VideogameEngines\Engine\PCG\pcg_variants.h(1842,33): warning C4146: operador unario menos aplicado a un tipo unsigned; el resultado aún no tiene signo
C:\Users\Lidux\Documents\GitHub\VideogameEngines\Engine\PCG\pcg_variants.h(1883,33): warning C4146: operador unario menos aplicado a un tipo unsigned; el resultado aún no tiene signo
C:\Users\Lidux\Documents\GitHub\VideogameEngines\Engine\PCG\pcg_variants.h(1925,33): warning C4146: operador unario menos aplicado a un tipo unsigned; el resultado aún no tiene signo
C:\Users\Lidux\Documents\GitHub\VideogameEngines\Engine\PCG\pcg_variants.h(1966,33): warning C4146: operador unario menos aplicado a un tipo unsigned; el resultado aún no tiene signo
C:\Users\Lidux\Documents\GitHub\VideogameEngines\Engine\PCG\pcg_variants.h(2008,33): warning C4146: operador unario menos aplicado a un tipo unsigned; el resultado aún no tiene signo
C:\Users\Lidux\Documents\GitHub\VideogameEngines\Engine\ModuleSceneIntro.cpp(66,20): warning C4018: '<': no coinciden signed/unsigned
  Shapes.cpp
C:\Users\Lidux\Documents\GitHub\VideogameEngines\Engine\ModuleSceneIntro.cpp(69,20): warning C4018: '<': no coinciden signed/unsigned
C:\Users\Lidux\Documents\GitHub\VideogameEngines\Engine\PCG\pcg_variants.h(74,46): warning C4146: operador unario menos aplicado a un tipo unsigned; el resultado aún no tiene signo
C:\Users\Lidux\Documents\GitHub\VideogameEngines\Engine\PCG\pcg_variants.h(84,46): warning C4146: operador unario menos aplicado a un tipo unsigned; el resultado aún no tiene signo
C:\Users\Lidux\Documents\GitHub\VideogameEngines\Engine\PCG\pcg_variants.h(94,46): warning C4146: operador unario menos aplicado a un tipo unsigned; el resultado aún no tiene signo
C:\Users\Lidux\Documents\GitHub\VideogameEngines\Engine\PCG\pcg_variants.h(106,46): warning C4146: operador unario menos aplicado a un tipo unsigned; el resultado aún no tiene signo
C:\Users\Lidux\Documents\GitHub\VideogameEngines\Engine\PCG\pcg_variants.h(160,49): warning C4244: 'argumento': conversión de 'uint64_t' a 'uint32_t'; posible pérdida de datos
C:\Users\Lidux\Documents\GitHub\VideogameEngines\Engine\PCG\pcg_variants.h(892,33): warning C4146: operador unario menos aplicado a un tipo unsigned; el resultado aún no tiene signo
C:\Users\Lidux\Documents\GitHub\VideogameEngines\Engine\PCG\pcg_variants.h(968,33): warning C4146: operador unario menos aplicado a un tipo unsigned; el resultado aún no tiene signo
C:\Users\Lidux\Documents\GitHub\VideogameEngines\Engine\PCG\pcg_variants.h(1049,33): warning C4146: operador unario menos aplicado a un tipo unsigned; el resultado aún no tiene signo
C:\Users\Lidux\Documents\GitHub\VideogameEngines\Engine\PCG\pcg_variants.h(1126,33): warning C4146: operador unario menos aplicado a un tipo unsigned; el resultado aún no tiene signo
C:\Users\Lidux\Documents\GitHub\VideogameEngines\Engine\PCG\pcg_variants.h(1203,33): warning C4146: operador unario menos aplicado a un tipo unsigned; el resultado aún no tiene signo
C:\Users\Lidux\Documents\GitHub\VideogameEngines\Engine\PCG\pcg_variants.h(1279,33): warning C4146: operador unario menos aplicado a un tipo unsigned; el resultado aún no tiene signo
C:\Users\Lidux\Documents\GitHub\VideogameEngines\Engine\PCG\pcg_variants.h(1360,33): warning C4146: operador unario menos aplicado a un tipo unsigned; el resultado aún no tiene signo
C:\Users\Lidux\Documents\GitHub\VideogameEngines\Engine\PCG\pcg_variants.h(1437,33): warning C4146: operador unario menos aplicado a un tipo unsigned; el resultado aún no tiene signo
C:\Users\Lidux\Documents\GitHub\VideogameEngines\Engine\PCG\pcg_variants.h(1518,33): warning C4146: operador unario menos aplicado a un tipo unsigned; el resultado aún no tiene signo
C:\Users\Lidux\Documents\GitHub\VideogameEngines\Engine\PCG\pcg_variants.h(1537,33): warning C4146: operador unario menos aplicado a un tipo unsigned; el resultado aún no tiene signo
C:\Users\Lidux\Documents\GitHub\VideogameEngines\Engine\PCG\pcg_variants.h(1597,33): warning C4146: operador unario menos aplicado a un tipo unsigned; el resultado aún no tiene signo
C:\Users\Lidux\Documents\GitHub\VideogameEngines\Engine\PCG\pcg_variants.h(1616,33): warning C4146: operador unario menos aplicado a un tipo unsigned; el resultado aún no tiene signo
C:\Users\Lidux\Documents\GitHub\VideogameEngines\Engine\PCG\pcg_variants.h(1697,33): warning C4146: operador unario menos aplicado a un tipo unsigned; el resultado aún no tiene signo
C:\Users\Lidux\Documents\GitHub\VideogameEngines\Engine\PCG\pcg_variants.h(1717,33): warning C4146: operador unario menos aplicado a un tipo unsigned; el resultado aún no tiene signo
C:\Users\Lidux\Documents\GitHub\VideogameEngines\Engine\PCG\pcg_variants.h(1760,33): warning C4146: operador unario menos aplicado a un tipo unsigned; el resultado aún no tiene signo
C:\Users\Lidux\Documents\GitHub\VideogameEngines\Engine\PCG\pcg_variants.h(1800,33): warning C4146: operador unario menos aplicado a un tipo unsigned; el resultado aún no tiene signo
C:\Users\Lidux\Documents\GitHub\VideogameEngines\Engine\PCG\pcg_variants.h(1842,33): warning C4146: operador unario menos aplicado a un tipo unsigned; el resultado aún no tiene signo
C:\Users\Lidux\Documents\GitHub\VideogameEngines\Engine\PCG\pcg_variants.h(1883,33): warning C4146: operador unario menos aplicado a un tipo unsigned; el resultado aún no tiene signo
C:\Users\Lidux\Documents\GitHub\VideogameEngines\Engine\PCG\pcg_variants.h(1925,33): warning C4146: operador unario menos aplicado a un tipo unsigned; el resultado aún no tiene signo
C:\Users\Lidux\Documents\GitHub\VideogameEngines\Engine\PCG\pcg_variants.h(1966,33): warning C4146: operador unario menos aplicado a un tipo unsigned; el resultado aún no tiene signo
  ModuleTexture.cpp
C:\Users\Lidux\Documents\GitHub\VideogameEngines\Engine\PCG\pcg_variants.h(2008,33): warning C4146: operador unario menos aplicado a un tipo unsigned; el resultado aún no tiene signo
C:\Users\Lidux\Documents\GitHub\VideogameEngines\Engine\PCG\pcg_variants.h(74,46): warning C4146: operador unario menos aplicado a un tipo unsigned; el resultado aún no tiene signo
C:\Users\Lidux\Documents\GitHub\VideogameEngines\Engine\PCG\pcg_variants.h(84,46): warning C4146: operador unario menos aplicado a un tipo unsigned; el resultado aún no tiene signo
C:\Users\Lidux\Documents\GitHub\VideogameEngines\Engine\PCG\pcg_variants.h(94,46): warning C4146: operador unario menos aplicado a un tipo unsigned; el resultado aún no tiene signo
C:\Users\Lidux\Documents\GitHub\VideogameEngines\Engine\PCG\pcg_variants.h(106,46): warning C4146: operador unario menos aplicado a un tipo unsigned; el resultado aún no tiene signo
C:\Users\Lidux\Documents\GitHub\VideogameEngines\Engine\PCG\pcg_variants.h(160,49): warning C4244: 'argumento': conversión de 'uint64_t' a 'uint32_t'; posible pérdida de datos
C:\Users\Lidux\Documents\GitHub\VideogameEngines\Engine\PCG\pcg_variants.h(892,33): warning C4146: operador unario menos aplicado a un tipo unsigned; el resultado aún no tiene signo
C:\Users\Lidux\Documents\GitHub\VideogameEngines\Engine\PCG\pcg_variants.h(968,33): warning C4146: operador unario menos aplicado a un tipo unsigned; el resultado aún no tiene signo
C:\Users\Lidux\Documents\GitHub\VideogameEngines\Engine\PCG\pcg_variants.h(1049,33): warning C4146: operador unario menos aplicado a un tipo unsigned; el resultado aún no tiene signo
C:\Users\Lidux\Documents\GitHub\VideogameEngines\Engine\PCG\pcg_variants.h(1126,33): warning C4146: operador unario menos aplicado a un tipo unsigned; el resultado aún no tiene signo
C:\Users\Lidux\Documents\GitHub\VideogameEngines\Engine\PCG\pcg_variants.h(1203,33): warning C4146: operador unario menos aplicado a un tipo unsigned; el resultado aún no tiene signo
C:\Users\Lidux\Documents\GitHub\VideogameEngines\Engine\PCG\pcg_variants.h(1279,33): warning C4146: operador unario menos aplicado a un tipo unsigned; el resultado aún no tiene signo
C:\Users\Lidux\Documents\GitHub\VideogameEngines\Engine\PCG\pcg_variants.h(1360,33): warning C4146: operador unario menos aplicado a un tipo unsigned; el resultado aún no tiene signo
C:\Users\Lidux\Documents\GitHub\VideogameEngines\Engine\PCG\pcg_variants.h(1437,33): warning C4146: operador unario menos aplicado a un tipo unsigned; el resultado aún no tiene signo
C:\Users\Lidux\Documents\GitHub\VideogameEngines\Engine\PCG\pcg_variants.h(1518,33): warning C4146: operador unario menos aplicado a un tipo unsigned; el resultado aún no tiene signo
C:\Users\Lidux\Documents\GitHub\VideogameEngines\Engine\PCG\pcg_variants.h(1537,33): warning C4146: operador unario menos aplicado a un tipo unsigned; el resultado aún no tiene signo
C:\Users\Lidux\Documents\GitHub\VideogameEngines\Engine\PCG\pcg_variants.h(1597,33): warning C4146: operador unario menos aplicado a un tipo unsigned; el resultado aún no tiene signo
C:\Users\Lidux\Documents\GitHub\VideogameEngines\Engine\PCG\pcg_variants.h(1616,33): warning C4146: operador unario menos aplicado a un tipo unsigned; el resultado aún no tiene signo
C:\Users\Lidux\Documents\GitHub\VideogameEngines\Engine\PCG\pcg_variants.h(1697,33): warning C4146: operador unario menos aplicado a un tipo unsigned; el resultado aún no tiene signo
C:\Users\Lidux\Documents\GitHub\VideogameEngines\Engine\PCG\pcg_variants.h(1717,33): warning C4146: operador unario menos aplicado a un tipo unsigned; el resultado aún no tiene signo
C:\Users\Lidux\Documents\GitHub\VideogameEngines\Engine\PCG\pcg_variants.h(1760,33): warning C4146: operador unario menos aplicado a un tipo unsigned; el resultado aún no tiene signo
C:\Users\Lidux\Documents\GitHub\VideogameEngines\Engine\PCG\pcg_variants.h(1800,33): warning C4146: operador unario menos aplicado a un tipo unsigned; el resultado aún no tiene signo
C:\Users\Lidux\Documents\GitHub\VideogameEngines\Engine\PCG\pcg_variants.h(1842,33): warning C4146: operador unario menos aplicado a un tipo unsigned; el resultado aún no tiene signo
C:\Users\Lidux\Documents\GitHub\VideogameEngines\Engine\PCG\pcg_variants.h(1883,33): warning C4146: operador unario menos aplicado a un tipo unsigned; el resultado aún no tiene signo
C:\Users\Lidux\Documents\GitHub\VideogameEngines\Engine\PCG\pcg_variants.h(1925,33): warning C4146: operador unario menos aplicado a un tipo unsigned; el resultado aún no tiene signo
C:\Users\Lidux\Documents\GitHub\VideogameEngines\Engine\PCG\pcg_variants.h(1966,33): warning C4146: operador unario menos aplicado a un tipo unsigned; el resultado aún no tiene signo
  ModuleWindow.cpp
C:\Users\Lidux\Documents\GitHub\VideogameEngines\Engine\PCG\pcg_variants.h(2008,33): warning C4146: operador unario menos aplicado a un tipo unsigned; el resultado aún no tiene signo
C:\Users\Lidux\Documents\GitHub\VideogameEngines\Engine\PCG\pcg_variants.h(74,46): warning C4146: operador unario menos aplicado a un tipo unsigned; el resultado aún no tiene signo
C:\Users\Lidux\Documents\GitHub\VideogameEngines\Engine\PCG\pcg_variants.h(84,46): warning C4146: operador unario menos aplicado a un tipo unsigned; el resultado aún no tiene signo
C:\Users\Lidux\Documents\GitHub\VideogameEngines\Engine\PCG\pcg_variants.h(94,46): warning C4146: operador unario menos aplicado a un tipo unsigned; el resultado aún no tiene signo
C:\Users\Lidux\Documents\GitHub\VideogameEngines\Engine\PCG\pcg_variants.h(106,46): warning C4146: operador unario menos aplicado a un tipo unsigned; el resultado aún no tiene signo
C:\Users\Lidux\Documents\GitHub\VideogameEngines\Engine\PCG\pcg_variants.h(160,49): warning C4244: 'argumento': conversión de 'uint64_t' a 'uint32_t'; posible pérdida de datos
C:\Users\Lidux\Documents\GitHub\VideogameEngines\Engine\PCG\pcg_variants.h(892,33): warning C4146: operador unario menos aplicado a un tipo unsigned; el resultado aún no tiene signo
C:\Users\Lidux\Documents\GitHub\VideogameEngines\Engine\PCG\pcg_variants.h(968,33): warning C4146: operador unario menos aplicado a un tipo unsigned; el resultado aún no tiene signo
C:\Users\Lidux\Documents\GitHub\VideogameEngines\Engine\PCG\pcg_variants.h(1049,33): warning C4146: operador unario menos aplicado a un tipo unsigned; el resultado aún no tiene signo
C:\Users\Lidux\Documents\GitHub\VideogameEngines\Engine\PCG\pcg_variants.h(1126,33): warning C4146: operador unario menos aplicado a un tipo unsigned; el resultado aún no tiene signo
C:\Users\Lidux\Documents\GitHub\VideogameEngines\Engine\PCG\pcg_variants.h(1203,33): warning C4146: operador unario menos aplicado a un tipo unsigned; el resultado aún no tiene signo
C:\Users\Lidux\Documents\GitHub\VideogameEngines\Engine\PCG\pcg_variants.h(1279,33): warning C4146: operador unario menos aplicado a un tipo unsigned; el resultado aún no tiene signo
C:\Users\Lidux\Documents\GitHub\VideogameEngines\Engine\PCG\pcg_variants.h(1360,33): warning C4146: operador unario menos aplicado a un tipo unsigned; el resultado aún no tiene signo
C:\Users\Lidux\Documents\GitHub\VideogameEngines\Engine\PCG\pcg_variants.h(1437,33): warning C4146: operador unario menos aplicado a un tipo unsigned; el resultado aún no tiene signo
C:\Users\Lidux\Documents\GitHub\VideogameEngines\Engine\PCG\pcg_variants.h(1518,33): warning C4146: operador unario menos aplicado a un tipo unsigned; el resultado aún no tiene signo
C:\Users\Lidux\Documents\GitHub\VideogameEngines\Engine\PCG\pcg_variants.h(1537,33): warning C4146: operador unario menos aplicado a un tipo unsigned; el resultado aún no tiene signo
C:\Users\Lidux\Documents\GitHub\VideogameEngines\Engine\PCG\pcg_variants.h(1597,33): warning C4146: operador unario menos aplicado a un tipo unsigned; el resultado aún no tiene signo
C:\Users\Lidux\Documents\GitHub\VideogameEngines\Engine\PCG\pcg_variants.h(1616,33): warning C4146: operador unario menos aplicado a un tipo unsigned; el resultado aún no tiene signo
C:\Users\Lidux\Documents\GitHub\VideogameEngines\Engine\PCG\pcg_variants.h(1697,33): warning C4146: operador unario menos aplicado a un tipo unsigned; el resultado aún no tiene signo
C:\Users\Lidux\Documents\GitHub\VideogameEngines\Engine\PCG\pcg_variants.h(1717,33): warning C4146: operador unario menos aplicado a un tipo unsigned; el resultado aún no tiene signo
C:\Users\Lidux\Documents\GitHub\VideogameEngines\Engine\PCG\pcg_variants.h(1760,33): warning C4146: operador unario menos aplicado a un tipo unsigned; el resultado aún no tiene signo
C:\Users\Lidux\Documents\GitHub\VideogameEngines\Engine\PCG\pcg_variants.h(1800,33): warning C4146: operador unario menos aplicado a un tipo unsigned; el resultado aún no tiene signo
C:\Users\Lidux\Documents\GitHub\VideogameEngines\Engine\PCG\pcg_variants.h(1842,33): warning C4146: operador unario menos aplicado a un tipo unsigned; el resultado aún no tiene signo
C:\Users\Lidux\Documents\GitHub\VideogameEngines\Engine\PCG\pcg_variants.h(1883,33): warning C4146: operador unario menos aplicado a un tipo unsigned; el resultado aún no tiene signo
C:\Users\Lidux\Documents\GitHub\VideogameEngines\Engine\PCG\pcg_variants.h(1925,33): warning C4146: operador unario menos aplicado a un tipo unsigned; el resultado aún no tiene signo
C:\Users\Lidux\Documents\GitHub\VideogameEngines\Engine\PCG\pcg_variants.h(1966,33): warning C4146: operador unario menos aplicado a un tipo unsigned; el resultado aún no tiene signo
  Generando código...
C:\Users\Lidux\Documents\GitHub\VideogameEngines\Engine\PCG\pcg_variants.h(2008,33): warning C4146: operador unario menos aplicado a un tipo unsigned; el resultado aún no tiene signo
  Engine.vcxproj -> C:\Users\Lidux\Documents\GitHub\VideogameEngines\Engine\Debug\Engine.exe
